Copyright 1986-2018 Xilinx, Inc. All Rights Reserved.
------------------------------------------------------------------------------------------------------
| Tool Version : Vivado v.2018.3 (win64) Build 2405991 Thu Dec  6 23:38:27 MST 2018
| Date         : Wed Mar 22 12:52:04 2023
| Host         : DESKTOP-T7NU7VJ running 64-bit major release  (build 9200)
| Command      : report_drc -file main_drc_routed.rpt -pb main_drc_routed.pb -rpx main_drc_routed.rpx
| Design       : main
| Device       : xc7a35tcpg236-1
| Speed File   : -1
| Design State : Fully Routed
------------------------------------------------------------------------------------------------------

Report DRC

Table of Contents
-----------------
1. REPORT SUMMARY
2. REPORT DETAILS

1. REPORT SUMMARY
-----------------
            Netlist: netlist
          Floorplan: design_1
      Design limits: <entire design considered>
           Ruledeck: default
             Max violations: <unlimited>
             Violations found: 176
+----------+----------+-------------------------------------------------------------------+------------+
| Rule     | Severity | Description                                                       | Violations |
+----------+----------+-------------------------------------------------------------------+------------+
| CFGBVS-1 | Warning  | Missing CFGBVS and CONFIG_VOLTAGE Design Properties               | 1          |
| DPIP-1   | Warning  | Input pipelining                                                  | 70         |
| DPOP-2   | Warning  | MREG Output pipelining                                            | 35         |
| AVAL-4   | Advisory | enum_USE_DPORT_FALSE_enum_DREG_ADREG_0_connects_CED_CEAD_RSTD_GND | 35         |
| REQP-30  | Advisory | enum_MREG_0_connects_CEM_GND                                      | 35         |
+----------+----------+-------------------------------------------------------------------+------------+

2. REPORT DETAILS
-----------------
CFGBVS-1#1 Warning
Missing CFGBVS and CONFIG_VOLTAGE Design Properties  
Neither the CFGBVS nor CONFIG_VOLTAGE voltage property is set in the current_design.  Configuration bank voltage select (CFGBVS) must be set to VCCO or GND, and CONFIG_VOLTAGE must be set to the correct configuration voltage, in order to determine the I/O voltage support for the pins in bank 0.  It is suggested to specify these either using the 'Edit Device Properties' function in the GUI or directly in the XDC file using the following syntax:

 set_property CFGBVS value1 [current_design]
 #where value1 is either VCCO or GND

 set_property CONFIG_VOLTAGE value2 [current_design]
 #where value2 is the voltage provided to configuration bank 0

Refer to the device configuration user guide for more information.
Related violations: <none>

DPIP-1#1 Warning
Input pipelining  
DSP LAYER_MMSU_1/single_vector_multiplier_generate[0].vector_multiply/MACC_MACRO_inst/bl.DSP48E_2 input LAYER_MMSU_1/single_vector_multiplier_generate[0].vector_multiply/MACC_MACRO_inst/bl.DSP48E_2/A[29:0] is not pipelined. Pipelining DSP48 input will improve performance.
Related violations: <none>

DPIP-1#2 Warning
Input pipelining  
DSP LAYER_MMSU_1/single_vector_multiplier_generate[0].vector_multiply/MACC_MACRO_inst/bl.DSP48E_2 input LAYER_MMSU_1/single_vector_multiplier_generate[0].vector_multiply/MACC_MACRO_inst/bl.DSP48E_2/B[17:0] is not pipelined. Pipelining DSP48 input will improve performance.
Related violations: <none>

DPIP-1#3 Warning
Input pipelining  
DSP LAYER_MMSU_1/single_vector_multiplier_generate[10].vector_multiply/MACC_MACRO_inst/bl.DSP48E_2 input LAYER_MMSU_1/single_vector_multiplier_generate[10].vector_multiply/MACC_MACRO_inst/bl.DSP48E_2/A[29:0] is not pipelined. Pipelining DSP48 input will improve performance.
Related violations: <none>

DPIP-1#4 Warning
Input pipelining  
DSP LAYER_MMSU_1/single_vector_multiplier_generate[10].vector_multiply/MACC_MACRO_inst/bl.DSP48E_2 input LAYER_MMSU_1/single_vector_multiplier_generate[10].vector_multiply/MACC_MACRO_inst/bl.DSP48E_2/B[17:0] is not pipelined. Pipelining DSP48 input will improve performance.
Related violations: <none>

DPIP-1#5 Warning
Input pipelining  
DSP LAYER_MMSU_1/single_vector_multiplier_generate[11].vector_multiply/MACC_MACRO_inst/bl.DSP48E_2 input LAYER_MMSU_1/single_vector_multiplier_generate[11].vector_multiply/MACC_MACRO_inst/bl.DSP48E_2/A[29:0] is not pipelined. Pipelining DSP48 input will improve performance.
Related violations: <none>

DPIP-1#6 Warning
Input pipelining  
DSP LAYER_MMSU_1/single_vector_multiplier_generate[11].vector_multiply/MACC_MACRO_inst/bl.DSP48E_2 input LAYER_MMSU_1/single_vector_multiplier_generate[11].vector_multiply/MACC_MACRO_inst/bl.DSP48E_2/B[17:0] is not pipelined. Pipelining DSP48 input will improve performance.
Related violations: <none>

DPIP-1#7 Warning
Input pipelining  
DSP LAYER_MMSU_1/single_vector_multiplier_generate[12].vector_multiply/MACC_MACRO_inst/bl.DSP48E_2 input LAYER_MMSU_1/single_vector_multiplier_generate[12].vector_multiply/MACC_MACRO_inst/bl.DSP48E_2/A[29:0] is not pipelined. Pipelining DSP48 input will improve performance.
Related violations: <none>

DPIP-1#8 Warning
Input pipelining  
DSP LAYER_MMSU_1/single_vector_multiplier_generate[12].vector_multiply/MACC_MACRO_inst/bl.DSP48E_2 input LAYER_MMSU_1/single_vector_multiplier_generate[12].vector_multiply/MACC_MACRO_inst/bl.DSP48E_2/B[17:0] is not pipelined. Pipelining DSP48 input will improve performance.
Related violations: <none>

DPIP-1#9 Warning
Input pipelining  
DSP LAYER_MMSU_1/single_vector_multiplier_generate[13].vector_multiply/MACC_MACRO_inst/bl.DSP48E_2 input LAYER_MMSU_1/single_vector_multiplier_generate[13].vector_multiply/MACC_MACRO_inst/bl.DSP48E_2/A[29:0] is not pipelined. Pipelining DSP48 input will improve performance.
Related violations: <none>

DPIP-1#10 Warning
Input pipelining  
DSP LAYER_MMSU_1/single_vector_multiplier_generate[13].vector_multiply/MACC_MACRO_inst/bl.DSP48E_2 input LAYER_MMSU_1/single_vector_multiplier_generate[13].vector_multiply/MACC_MACRO_inst/bl.DSP48E_2/B[17:0] is not pipelined. Pipelining DSP48 input will improve performance.
Related violations: <none>

DPIP-1#11 Warning
Input pipelining  
DSP LAYER_MMSU_1/single_vector_multiplier_generate[14].vector_multiply/MACC_MACRO_inst/bl.DSP48E_2 input LAYER_MMSU_1/single_vector_multiplier_generate[14].vector_multiply/MACC_MACRO_inst/bl.DSP48E_2/A[29:0] is not pipelined. Pipelining DSP48 input will improve performance.
Related violations: <none>

DPIP-1#12 Warning
Input pipelining  
DSP LAYER_MMSU_1/single_vector_multiplier_generate[14].vector_multiply/MACC_MACRO_inst/bl.DSP48E_2 input LAYER_MMSU_1/single_vector_multiplier_generate[14].vector_multiply/MACC_MACRO_inst/bl.DSP48E_2/B[17:0] is not pipelined. Pipelining DSP48 input will improve performance.
Related violations: <none>

DPIP-1#13 Warning
Input pipelining  
DSP LAYER_MMSU_1/single_vector_multiplier_generate[15].vector_multiply/MACC_MACRO_inst/bl.DSP48E_2 input LAYER_MMSU_1/single_vector_multiplier_generate[15].vector_multiply/MACC_MACRO_inst/bl.DSP48E_2/A[29:0] is not pipelined. Pipelining DSP48 input will improve performance.
Related violations: <none>

DPIP-1#14 Warning
Input pipelining  
DSP LAYER_MMSU_1/single_vector_multiplier_generate[15].vector_multiply/MACC_MACRO_inst/bl.DSP48E_2 input LAYER_MMSU_1/single_vector_multiplier_generate[15].vector_multiply/MACC_MACRO_inst/bl.DSP48E_2/B[17:0] is not pipelined. Pipelining DSP48 input will improve performance.
Related violations: <none>

DPIP-1#15 Warning
Input pipelining  
DSP LAYER_MMSU_1/single_vector_multiplier_generate[1].vector_multiply/MACC_MACRO_inst/bl.DSP48E_2 input LAYER_MMSU_1/single_vector_multiplier_generate[1].vector_multiply/MACC_MACRO_inst/bl.DSP48E_2/A[29:0] is not pipelined. Pipelining DSP48 input will improve performance.
Related violations: <none>

DPIP-1#16 Warning
Input pipelining  
DSP LAYER_MMSU_1/single_vector_multiplier_generate[1].vector_multiply/MACC_MACRO_inst/bl.DSP48E_2 input LAYER_MMSU_1/single_vector_multiplier_generate[1].vector_multiply/MACC_MACRO_inst/bl.DSP48E_2/B[17:0] is not pipelined. Pipelining DSP48 input will improve performance.
Related violations: <none>

DPIP-1#17 Warning
Input pipelining  
DSP LAYER_MMSU_1/single_vector_multiplier_generate[2].vector_multiply/MACC_MACRO_inst/bl.DSP48E_2 input LAYER_MMSU_1/single_vector_multiplier_generate[2].vector_multiply/MACC_MACRO_inst/bl.DSP48E_2/A[29:0] is not pipelined. Pipelining DSP48 input will improve performance.
Related violations: <none>

DPIP-1#18 Warning
Input pipelining  
DSP LAYER_MMSU_1/single_vector_multiplier_generate[2].vector_multiply/MACC_MACRO_inst/bl.DSP48E_2 input LAYER_MMSU_1/single_vector_multiplier_generate[2].vector_multiply/MACC_MACRO_inst/bl.DSP48E_2/B[17:0] is not pipelined. Pipelining DSP48 input will improve performance.
Related violations: <none>

DPIP-1#19 Warning
Input pipelining  
DSP LAYER_MMSU_1/single_vector_multiplier_generate[3].vector_multiply/MACC_MACRO_inst/bl.DSP48E_2 input LAYER_MMSU_1/single_vector_multiplier_generate[3].vector_multiply/MACC_MACRO_inst/bl.DSP48E_2/A[29:0] is not pipelined. Pipelining DSP48 input will improve performance.
Related violations: <none>

DPIP-1#20 Warning
Input pipelining  
DSP LAYER_MMSU_1/single_vector_multiplier_generate[3].vector_multiply/MACC_MACRO_inst/bl.DSP48E_2 input LAYER_MMSU_1/single_vector_multiplier_generate[3].vector_multiply/MACC_MACRO_inst/bl.DSP48E_2/B[17:0] is not pipelined. Pipelining DSP48 input will improve performance.
Related violations: <none>

DPIP-1#21 Warning
Input pipelining  
DSP LAYER_MMSU_1/single_vector_multiplier_generate[4].vector_multiply/MACC_MACRO_inst/bl.DSP48E_2 input LAYER_MMSU_1/single_vector_multiplier_generate[4].vector_multiply/MACC_MACRO_inst/bl.DSP48E_2/A[29:0] is not pipelined. Pipelining DSP48 input will improve performance.
Related violations: <none>

DPIP-1#22 Warning
Input pipelining  
DSP LAYER_MMSU_1/single_vector_multiplier_generate[4].vector_multiply/MACC_MACRO_inst/bl.DSP48E_2 input LAYER_MMSU_1/single_vector_multiplier_generate[4].vector_multiply/MACC_MACRO_inst/bl.DSP48E_2/B[17:0] is not pipelined. Pipelining DSP48 input will improve performance.
Related violations: <none>

DPIP-1#23 Warning
Input pipelining  
DSP LAYER_MMSU_1/single_vector_multiplier_generate[5].vector_multiply/MACC_MACRO_inst/bl.DSP48E_2 input LAYER_MMSU_1/single_vector_multiplier_generate[5].vector_multiply/MACC_MACRO_inst/bl.DSP48E_2/A[29:0] is not pipelined. Pipelining DSP48 input will improve performance.
Related violations: <none>

DPIP-1#24 Warning
Input pipelining  
DSP LAYER_MMSU_1/single_vector_multiplier_generate[5].vector_multiply/MACC_MACRO_inst/bl.DSP48E_2 input LAYER_MMSU_1/single_vector_multiplier_generate[5].vector_multiply/MACC_MACRO_inst/bl.DSP48E_2/B[17:0] is not pipelined. Pipelining DSP48 input will improve performance.
Related violations: <none>

DPIP-1#25 Warning
Input pipelining  
DSP LAYER_MMSU_1/single_vector_multiplier_generate[6].vector_multiply/MACC_MACRO_inst/bl.DSP48E_2 input LAYER_MMSU_1/single_vector_multiplier_generate[6].vector_multiply/MACC_MACRO_inst/bl.DSP48E_2/A[29:0] is not pipelined. Pipelining DSP48 input will improve performance.
Related violations: <none>

DPIP-1#26 Warning
Input pipelining  
DSP LAYER_MMSU_1/single_vector_multiplier_generate[6].vector_multiply/MACC_MACRO_inst/bl.DSP48E_2 input LAYER_MMSU_1/single_vector_multiplier_generate[6].vector_multiply/MACC_MACRO_inst/bl.DSP48E_2/B[17:0] is not pipelined. Pipelining DSP48 input will improve performance.
Related violations: <none>

DPIP-1#27 Warning
Input pipelining  
DSP LAYER_MMSU_1/single_vector_multiplier_generate[7].vector_multiply/MACC_MACRO_inst/bl.DSP48E_2 input LAYER_MMSU_1/single_vector_multiplier_generate[7].vector_multiply/MACC_MACRO_inst/bl.DSP48E_2/A[29:0] is not pipelined. Pipelining DSP48 input will improve performance.
Related violations: <none>

DPIP-1#28 Warning
Input pipelining  
DSP LAYER_MMSU_1/single_vector_multiplier_generate[7].vector_multiply/MACC_MACRO_inst/bl.DSP48E_2 input LAYER_MMSU_1/single_vector_multiplier_generate[7].vector_multiply/MACC_MACRO_inst/bl.DSP48E_2/B[17:0] is not pipelined. Pipelining DSP48 input will improve performance.
Related violations: <none>

DPIP-1#29 Warning
Input pipelining  
DSP LAYER_MMSU_1/single_vector_multiplier_generate[8].vector_multiply/MACC_MACRO_inst/bl.DSP48E_2 input LAYER_MMSU_1/single_vector_multiplier_generate[8].vector_multiply/MACC_MACRO_inst/bl.DSP48E_2/A[29:0] is not pipelined. Pipelining DSP48 input will improve performance.
Related violations: <none>

DPIP-1#30 Warning
Input pipelining  
DSP LAYER_MMSU_1/single_vector_multiplier_generate[8].vector_multiply/MACC_MACRO_inst/bl.DSP48E_2 input LAYER_MMSU_1/single_vector_multiplier_generate[8].vector_multiply/MACC_MACRO_inst/bl.DSP48E_2/B[17:0] is not pipelined. Pipelining DSP48 input will improve performance.
Related violations: <none>

DPIP-1#31 Warning
Input pipelining  
DSP LAYER_MMSU_1/single_vector_multiplier_generate[9].vector_multiply/MACC_MACRO_inst/bl.DSP48E_2 input LAYER_MMSU_1/single_vector_multiplier_generate[9].vector_multiply/MACC_MACRO_inst/bl.DSP48E_2/A[29:0] is not pipelined. Pipelining DSP48 input will improve performance.
Related violations: <none>

DPIP-1#32 Warning
Input pipelining  
DSP LAYER_MMSU_1/single_vector_multiplier_generate[9].vector_multiply/MACC_MACRO_inst/bl.DSP48E_2 input LAYER_MMSU_1/single_vector_multiplier_generate[9].vector_multiply/MACC_MACRO_inst/bl.DSP48E_2/B[17:0] is not pipelined. Pipelining DSP48 input will improve performance.
Related violations: <none>

DPIP-1#33 Warning
Input pipelining  
DSP LAYER_MMSU_3/single_vector_multiplier_generate[0].vector_multiply/MACC_MACRO_inst/bl.DSP48E_2 input LAYER_MMSU_3/single_vector_multiplier_generate[0].vector_multiply/MACC_MACRO_inst/bl.DSP48E_2/A[29:0] is not pipelined. Pipelining DSP48 input will improve performance.
Related violations: <none>

DPIP-1#34 Warning
Input pipelining  
DSP LAYER_MMSU_3/single_vector_multiplier_generate[0].vector_multiply/MACC_MACRO_inst/bl.DSP48E_2 input LAYER_MMSU_3/single_vector_multiplier_generate[0].vector_multiply/MACC_MACRO_inst/bl.DSP48E_2/B[17:0] is not pipelined. Pipelining DSP48 input will improve performance.
Related violations: <none>

DPIP-1#35 Warning
Input pipelining  
DSP LAYER_MMSU_3/single_vector_multiplier_generate[10].vector_multiply/MACC_MACRO_inst/bl.DSP48E_2 input LAYER_MMSU_3/single_vector_multiplier_generate[10].vector_multiply/MACC_MACRO_inst/bl.DSP48E_2/A[29:0] is not pipelined. Pipelining DSP48 input will improve performance.
Related violations: <none>

DPIP-1#36 Warning
Input pipelining  
DSP LAYER_MMSU_3/single_vector_multiplier_generate[10].vector_multiply/MACC_MACRO_inst/bl.DSP48E_2 input LAYER_MMSU_3/single_vector_multiplier_generate[10].vector_multiply/MACC_MACRO_inst/bl.DSP48E_2/B[17:0] is not pipelined. Pipelining DSP48 input will improve performance.
Related violations: <none>

DPIP-1#37 Warning
Input pipelining  
DSP LAYER_MMSU_3/single_vector_multiplier_generate[11].vector_multiply/MACC_MACRO_inst/bl.DSP48E_2 input LAYER_MMSU_3/single_vector_multiplier_generate[11].vector_multiply/MACC_MACRO_inst/bl.DSP48E_2/A[29:0] is not pipelined. Pipelining DSP48 input will improve performance.
Related violations: <none>

DPIP-1#38 Warning
Input pipelining  
DSP LAYER_MMSU_3/single_vector_multiplier_generate[11].vector_multiply/MACC_MACRO_inst/bl.DSP48E_2 input LAYER_MMSU_3/single_vector_multiplier_generate[11].vector_multiply/MACC_MACRO_inst/bl.DSP48E_2/B[17:0] is not pipelined. Pipelining DSP48 input will improve performance.
Related violations: <none>

DPIP-1#39 Warning
Input pipelining  
DSP LAYER_MMSU_3/single_vector_multiplier_generate[12].vector_multiply/MACC_MACRO_inst/bl.DSP48E_2 input LAYER_MMSU_3/single_vector_multiplier_generate[12].vector_multiply/MACC_MACRO_inst/bl.DSP48E_2/A[29:0] is not pipelined. Pipelining DSP48 input will improve performance.
Related violations: <none>

DPIP-1#40 Warning
Input pipelining  
DSP LAYER_MMSU_3/single_vector_multiplier_generate[12].vector_multiply/MACC_MACRO_inst/bl.DSP48E_2 input LAYER_MMSU_3/single_vector_multiplier_generate[12].vector_multiply/MACC_MACRO_inst/bl.DSP48E_2/B[17:0] is not pipelined. Pipelining DSP48 input will improve performance.
Related violations: <none>

DPIP-1#41 Warning
Input pipelining  
DSP LAYER_MMSU_3/single_vector_multiplier_generate[13].vector_multiply/MACC_MACRO_inst/bl.DSP48E_2 input LAYER_MMSU_3/single_vector_multiplier_generate[13].vector_multiply/MACC_MACRO_inst/bl.DSP48E_2/A[29:0] is not pipelined. Pipelining DSP48 input will improve performance.
Related violations: <none>

DPIP-1#42 Warning
Input pipelining  
DSP LAYER_MMSU_3/single_vector_multiplier_generate[13].vector_multiply/MACC_MACRO_inst/bl.DSP48E_2 input LAYER_MMSU_3/single_vector_multiplier_generate[13].vector_multiply/MACC_MACRO_inst/bl.DSP48E_2/B[17:0] is not pipelined. Pipelining DSP48 input will improve performance.
Related violations: <none>

DPIP-1#43 Warning
Input pipelining  
DSP LAYER_MMSU_3/single_vector_multiplier_generate[14].vector_multiply/MACC_MACRO_inst/bl.DSP48E_2 input LAYER_MMSU_3/single_vector_multiplier_generate[14].vector_multiply/MACC_MACRO_inst/bl.DSP48E_2/A[29:0] is not pipelined. Pipelining DSP48 input will improve performance.
Related violations: <none>

DPIP-1#44 Warning
Input pipelining  
DSP LAYER_MMSU_3/single_vector_multiplier_generate[14].vector_multiply/MACC_MACRO_inst/bl.DSP48E_2 input LAYER_MMSU_3/single_vector_multiplier_generate[14].vector_multiply/MACC_MACRO_inst/bl.DSP48E_2/B[17:0] is not pipelined. Pipelining DSP48 input will improve performance.
Related violations: <none>

DPIP-1#45 Warning
Input pipelining  
DSP LAYER_MMSU_3/single_vector_multiplier_generate[15].vector_multiply/MACC_MACRO_inst/bl.DSP48E_2 input LAYER_MMSU_3/single_vector_multiplier_generate[15].vector_multiply/MACC_MACRO_inst/bl.DSP48E_2/A[29:0] is not pipelined. Pipelining DSP48 input will improve performance.
Related violations: <none>

DPIP-1#46 Warning
Input pipelining  
DSP LAYER_MMSU_3/single_vector_multiplier_generate[15].vector_multiply/MACC_MACRO_inst/bl.DSP48E_2 input LAYER_MMSU_3/single_vector_multiplier_generate[15].vector_multiply/MACC_MACRO_inst/bl.DSP48E_2/B[17:0] is not pipelined. Pipelining DSP48 input will improve performance.
Related violations: <none>

DPIP-1#47 Warning
Input pipelining  
DSP LAYER_MMSU_3/single_vector_multiplier_generate[1].vector_multiply/MACC_MACRO_inst/bl.DSP48E_2 input LAYER_MMSU_3/single_vector_multiplier_generate[1].vector_multiply/MACC_MACRO_inst/bl.DSP48E_2/A[29:0] is not pipelined. Pipelining DSP48 input will improve performance.
Related violations: <none>

DPIP-1#48 Warning
Input pipelining  
DSP LAYER_MMSU_3/single_vector_multiplier_generate[1].vector_multiply/MACC_MACRO_inst/bl.DSP48E_2 input LAYER_MMSU_3/single_vector_multiplier_generate[1].vector_multiply/MACC_MACRO_inst/bl.DSP48E_2/B[17:0] is not pipelined. Pipelining DSP48 input will improve performance.
Related violations: <none>

DPIP-1#49 Warning
Input pipelining  
DSP LAYER_MMSU_3/single_vector_multiplier_generate[2].vector_multiply/MACC_MACRO_inst/bl.DSP48E_2 input LAYER_MMSU_3/single_vector_multiplier_generate[2].vector_multiply/MACC_MACRO_inst/bl.DSP48E_2/A[29:0] is not pipelined. Pipelining DSP48 input will improve performance.
Related violations: <none>

DPIP-1#50 Warning
Input pipelining  
DSP LAYER_MMSU_3/single_vector_multiplier_generate[2].vector_multiply/MACC_MACRO_inst/bl.DSP48E_2 input LAYER_MMSU_3/single_vector_multiplier_generate[2].vector_multiply/MACC_MACRO_inst/bl.DSP48E_2/B[17:0] is not pipelined. Pipelining DSP48 input will improve performance.
Related violations: <none>

DPIP-1#51 Warning
Input pipelining  
DSP LAYER_MMSU_3/single_vector_multiplier_generate[3].vector_multiply/MACC_MACRO_inst/bl.DSP48E_2 input LAYER_MMSU_3/single_vector_multiplier_generate[3].vector_multiply/MACC_MACRO_inst/bl.DSP48E_2/A[29:0] is not pipelined. Pipelining DSP48 input will improve performance.
Related violations: <none>

DPIP-1#52 Warning
Input pipelining  
DSP LAYER_MMSU_3/single_vector_multiplier_generate[3].vector_multiply/MACC_MACRO_inst/bl.DSP48E_2 input LAYER_MMSU_3/single_vector_multiplier_generate[3].vector_multiply/MACC_MACRO_inst/bl.DSP48E_2/B[17:0] is not pipelined. Pipelining DSP48 input will improve performance.
Related violations: <none>

DPIP-1#53 Warning
Input pipelining  
DSP LAYER_MMSU_3/single_vector_multiplier_generate[4].vector_multiply/MACC_MACRO_inst/bl.DSP48E_2 input LAYER_MMSU_3/single_vector_multiplier_generate[4].vector_multiply/MACC_MACRO_inst/bl.DSP48E_2/A[29:0] is not pipelined. Pipelining DSP48 input will improve performance.
Related violations: <none>

DPIP-1#54 Warning
Input pipelining  
DSP LAYER_MMSU_3/single_vector_multiplier_generate[4].vector_multiply/MACC_MACRO_inst/bl.DSP48E_2 input LAYER_MMSU_3/single_vector_multiplier_generate[4].vector_multiply/MACC_MACRO_inst/bl.DSP48E_2/B[17:0] is not pipelined. Pipelining DSP48 input will improve performance.
Related violations: <none>

DPIP-1#55 Warning
Input pipelining  
DSP LAYER_MMSU_3/single_vector_multiplier_generate[5].vector_multiply/MACC_MACRO_inst/bl.DSP48E_2 input LAYER_MMSU_3/single_vector_multiplier_generate[5].vector_multiply/MACC_MACRO_inst/bl.DSP48E_2/A[29:0] is not pipelined. Pipelining DSP48 input will improve performance.
Related violations: <none>

DPIP-1#56 Warning
Input pipelining  
DSP LAYER_MMSU_3/single_vector_multiplier_generate[5].vector_multiply/MACC_MACRO_inst/bl.DSP48E_2 input LAYER_MMSU_3/single_vector_multiplier_generate[5].vector_multiply/MACC_MACRO_inst/bl.DSP48E_2/B[17:0] is not pipelined. Pipelining DSP48 input will improve performance.
Related violations: <none>

DPIP-1#57 Warning
Input pipelining  
DSP LAYER_MMSU_3/single_vector_multiplier_generate[6].vector_multiply/MACC_MACRO_inst/bl.DSP48E_2 input LAYER_MMSU_3/single_vector_multiplier_generate[6].vector_multiply/MACC_MACRO_inst/bl.DSP48E_2/A[29:0] is not pipelined. Pipelining DSP48 input will improve performance.
Related violations: <none>

DPIP-1#58 Warning
Input pipelining  
DSP LAYER_MMSU_3/single_vector_multiplier_generate[6].vector_multiply/MACC_MACRO_inst/bl.DSP48E_2 input LAYER_MMSU_3/single_vector_multiplier_generate[6].vector_multiply/MACC_MACRO_inst/bl.DSP48E_2/B[17:0] is not pipelined. Pipelining DSP48 input will improve performance.
Related violations: <none>

DPIP-1#59 Warning
Input pipelining  
DSP LAYER_MMSU_3/single_vector_multiplier_generate[7].vector_multiply/MACC_MACRO_inst/bl.DSP48E_2 input LAYER_MMSU_3/single_vector_multiplier_generate[7].vector_multiply/MACC_MACRO_inst/bl.DSP48E_2/A[29:0] is not pipelined. Pipelining DSP48 input will improve performance.
Related violations: <none>

DPIP-1#60 Warning
Input pipelining  
DSP LAYER_MMSU_3/single_vector_multiplier_generate[7].vector_multiply/MACC_MACRO_inst/bl.DSP48E_2 input LAYER_MMSU_3/single_vector_multiplier_generate[7].vector_multiply/MACC_MACRO_inst/bl.DSP48E_2/B[17:0] is not pipelined. Pipelining DSP48 input will improve performance.
Related violations: <none>

DPIP-1#61 Warning
Input pipelining  
DSP LAYER_MMSU_3/single_vector_multiplier_generate[8].vector_multiply/MACC_MACRO_inst/bl.DSP48E_2 input LAYER_MMSU_3/single_vector_multiplier_generate[8].vector_multiply/MACC_MACRO_inst/bl.DSP48E_2/A[29:0] is not pipelined. Pipelining DSP48 input will improve performance.
Related violations: <none>

DPIP-1#62 Warning
Input pipelining  
DSP LAYER_MMSU_3/single_vector_multiplier_generate[8].vector_multiply/MACC_MACRO_inst/bl.DSP48E_2 input LAYER_MMSU_3/single_vector_multiplier_generate[8].vector_multiply/MACC_MACRO_inst/bl.DSP48E_2/B[17:0] is not pipelined. Pipelining DSP48 input will improve performance.
Related violations: <none>

DPIP-1#63 Warning
Input pipelining  
DSP LAYER_MMSU_3/single_vector_multiplier_generate[9].vector_multiply/MACC_MACRO_inst/bl.DSP48E_2 input LAYER_MMSU_3/single_vector_multiplier_generate[9].vector_multiply/MACC_MACRO_inst/bl.DSP48E_2/A[29:0] is not pipelined. Pipelining DSP48 input will improve performance.
Related violations: <none>

DPIP-1#64 Warning
Input pipelining  
DSP LAYER_MMSU_3/single_vector_multiplier_generate[9].vector_multiply/MACC_MACRO_inst/bl.DSP48E_2 input LAYER_MMSU_3/single_vector_multiplier_generate[9].vector_multiply/MACC_MACRO_inst/bl.DSP48E_2/B[17:0] is not pipelined. Pipelining DSP48 input will improve performance.
Related violations: <none>

DPIP-1#65 Warning
Input pipelining  
DSP LAYER_MMSU_5/single_vector_multiplier_generate[0].vector_multiply/MACC_MACRO_inst/bl.DSP48E_2 input LAYER_MMSU_5/single_vector_multiplier_generate[0].vector_multiply/MACC_MACRO_inst/bl.DSP48E_2/A[29:0] is not pipelined. Pipelining DSP48 input will improve performance.
Related violations: <none>

DPIP-1#66 Warning
Input pipelining  
DSP LAYER_MMSU_5/single_vector_multiplier_generate[0].vector_multiply/MACC_MACRO_inst/bl.DSP48E_2 input LAYER_MMSU_5/single_vector_multiplier_generate[0].vector_multiply/MACC_MACRO_inst/bl.DSP48E_2/B[17:0] is not pipelined. Pipelining DSP48 input will improve performance.
Related violations: <none>

DPIP-1#67 Warning
Input pipelining  
DSP LAYER_MMSU_5/single_vector_multiplier_generate[1].vector_multiply/MACC_MACRO_inst/bl.DSP48E_2 input LAYER_MMSU_5/single_vector_multiplier_generate[1].vector_multiply/MACC_MACRO_inst/bl.DSP48E_2/A[29:0] is not pipelined. Pipelining DSP48 input will improve performance.
Related violations: <none>

DPIP-1#68 Warning
Input pipelining  
DSP LAYER_MMSU_5/single_vector_multiplier_generate[1].vector_multiply/MACC_MACRO_inst/bl.DSP48E_2 input LAYER_MMSU_5/single_vector_multiplier_generate[1].vector_multiply/MACC_MACRO_inst/bl.DSP48E_2/B[17:0] is not pipelined. Pipelining DSP48 input will improve performance.
Related violations: <none>

DPIP-1#69 Warning
Input pipelining  
DSP LAYER_MMSU_5/single_vector_multiplier_generate[2].vector_multiply/MACC_MACRO_inst/bl.DSP48E_2 input LAYER_MMSU_5/single_vector_multiplier_generate[2].vector_multiply/MACC_MACRO_inst/bl.DSP48E_2/A[29:0] is not pipelined. Pipelining DSP48 input will improve performance.
Related violations: <none>

DPIP-1#70 Warning
Input pipelining  
DSP LAYER_MMSU_5/single_vector_multiplier_generate[2].vector_multiply/MACC_MACRO_inst/bl.DSP48E_2 input LAYER_MMSU_5/single_vector_multiplier_generate[2].vector_multiply/MACC_MACRO_inst/bl.DSP48E_2/B[17:0] is not pipelined. Pipelining DSP48 input will improve performance.
Related violations: <none>

DPOP-2#1 Warning
MREG Output pipelining  
DSP LAYER_MMSU_1/single_vector_multiplier_generate[0].vector_multiply/MACC_MACRO_inst/bl.DSP48E_2 multiplier stage LAYER_MMSU_1/single_vector_multiplier_generate[0].vector_multiply/MACC_MACRO_inst/bl.DSP48E_2/P[47:0] is not pipelined (MREG=0). Pipelining the multiplier function will improve performance and will save significant power so it is suggested whenever possible to fully pipeline this function.  If this multiplier was inferred, it is suggested to describe an additional register stage after this function.  If there is no registered adder/accumulator following the multiply function, two pipeline stages are suggested to allow both the MREG and PREG registers to be used.  If the DSP48 was instantiated in the design, it is suggested to set both the MREG and PREG attributes to 1 when performing multiply functions.
Related violations: <none>

DPOP-2#2 Warning
MREG Output pipelining  
DSP LAYER_MMSU_1/single_vector_multiplier_generate[10].vector_multiply/MACC_MACRO_inst/bl.DSP48E_2 multiplier stage LAYER_MMSU_1/single_vector_multiplier_generate[10].vector_multiply/MACC_MACRO_inst/bl.DSP48E_2/P[47:0] is not pipelined (MREG=0). Pipelining the multiplier function will improve performance and will save significant power so it is suggested whenever possible to fully pipeline this function.  If this multiplier was inferred, it is suggested to describe an additional register stage after this function.  If there is no registered adder/accumulator following the multiply function, two pipeline stages are suggested to allow both the MREG and PREG registers to be used.  If the DSP48 was instantiated in the design, it is suggested to set both the MREG and PREG attributes to 1 when performing multiply functions.
Related violations: <none>

DPOP-2#3 Warning
MREG Output pipelining  
DSP LAYER_MMSU_1/single_vector_multiplier_generate[11].vector_multiply/MACC_MACRO_inst/bl.DSP48E_2 multiplier stage LAYER_MMSU_1/single_vector_multiplier_generate[11].vector_multiply/MACC_MACRO_inst/bl.DSP48E_2/P[47:0] is not pipelined (MREG=0). Pipelining the multiplier function will improve performance and will save significant power so it is suggested whenever possible to fully pipeline this function.  If this multiplier was inferred, it is suggested to describe an additional register stage after this function.  If there is no registered adder/accumulator following the multiply function, two pipeline stages are suggested to allow both the MREG and PREG registers to be used.  If the DSP48 was instantiated in the design, it is suggested to set both the MREG and PREG attributes to 1 when performing multiply functions.
Related violations: <none>

DPOP-2#4 Warning
MREG Output pipelining  
DSP LAYER_MMSU_1/single_vector_multiplier_generate[12].vector_multiply/MACC_MACRO_inst/bl.DSP48E_2 multiplier stage LAYER_MMSU_1/single_vector_multiplier_generate[12].vector_multiply/MACC_MACRO_inst/bl.DSP48E_2/P[47:0] is not pipelined (MREG=0). Pipelining the multiplier function will improve performance and will save significant power so it is suggested whenever possible to fully pipeline this function.  If this multiplier was inferred, it is suggested to describe an additional register stage after this function.  If there is no registered adder/accumulator following the multiply function, two pipeline stages are suggested to allow both the MREG and PREG registers to be used.  If the DSP48 was instantiated in the design, it is suggested to set both the MREG and PREG attributes to 1 when performing multiply functions.
Related violations: <none>

DPOP-2#5 Warning
MREG Output pipelining  
DSP LAYER_MMSU_1/single_vector_multiplier_generate[13].vector_multiply/MACC_MACRO_inst/bl.DSP48E_2 multiplier stage LAYER_MMSU_1/single_vector_multiplier_generate[13].vector_multiply/MACC_MACRO_inst/bl.DSP48E_2/P[47:0] is not pipelined (MREG=0). Pipelining the multiplier function will improve performance and will save significant power so it is suggested whenever possible to fully pipeline this function.  If this multiplier was inferred, it is suggested to describe an additional register stage after this function.  If there is no registered adder/accumulator following the multiply function, two pipeline stages are suggested to allow both the MREG and PREG registers to be used.  If the DSP48 was instantiated in the design, it is suggested to set both the MREG and PREG attributes to 1 when performing multiply functions.
Related violations: <none>

DPOP-2#6 Warning
MREG Output pipelining  
DSP LAYER_MMSU_1/single_vector_multiplier_generate[14].vector_multiply/MACC_MACRO_inst/bl.DSP48E_2 multiplier stage LAYER_MMSU_1/single_vector_multiplier_generate[14].vector_multiply/MACC_MACRO_inst/bl.DSP48E_2/P[47:0] is not pipelined (MREG=0). Pipelining the multiplier function will improve performance and will save significant power so it is suggested whenever possible to fully pipeline this function.  If this multiplier was inferred, it is suggested to describe an additional register stage after this function.  If there is no registered adder/accumulator following the multiply function, two pipeline stages are suggested to allow both the MREG and PREG registers to be used.  If the DSP48 was instantiated in the design, it is suggested to set both the MREG and PREG attributes to 1 when performing multiply functions.
Related violations: <none>

DPOP-2#7 Warning
MREG Output pipelining  
DSP LAYER_MMSU_1/single_vector_multiplier_generate[15].vector_multiply/MACC_MACRO_inst/bl.DSP48E_2 multiplier stage LAYER_MMSU_1/single_vector_multiplier_generate[15].vector_multiply/MACC_MACRO_inst/bl.DSP48E_2/P[47:0] is not pipelined (MREG=0). Pipelining the multiplier function will improve performance and will save significant power so it is suggested whenever possible to fully pipeline this function.  If this multiplier was inferred, it is suggested to describe an additional register stage after this function.  If there is no registered adder/accumulator following the multiply function, two pipeline stages are suggested to allow both the MREG and PREG registers to be used.  If the DSP48 was instantiated in the design, it is suggested to set both the MREG and PREG attributes to 1 when performing multiply functions.
Related violations: <none>

DPOP-2#8 Warning
MREG Output pipelining  
DSP LAYER_MMSU_1/single_vector_multiplier_generate[1].vector_multiply/MACC_MACRO_inst/bl.DSP48E_2 multiplier stage LAYER_MMSU_1/single_vector_multiplier_generate[1].vector_multiply/MACC_MACRO_inst/bl.DSP48E_2/P[47:0] is not pipelined (MREG=0). Pipelining the multiplier function will improve performance and will save significant power so it is suggested whenever possible to fully pipeline this function.  If this multiplier was inferred, it is suggested to describe an additional register stage after this function.  If there is no registered adder/accumulator following the multiply function, two pipeline stages are suggested to allow both the MREG and PREG registers to be used.  If the DSP48 was instantiated in the design, it is suggested to set both the MREG and PREG attributes to 1 when performing multiply functions.
Related violations: <none>

DPOP-2#9 Warning
MREG Output pipelining  
DSP LAYER_MMSU_1/single_vector_multiplier_generate[2].vector_multiply/MACC_MACRO_inst/bl.DSP48E_2 multiplier stage LAYER_MMSU_1/single_vector_multiplier_generate[2].vector_multiply/MACC_MACRO_inst/bl.DSP48E_2/P[47:0] is not pipelined (MREG=0). Pipelining the multiplier function will improve performance and will save significant power so it is suggested whenever possible to fully pipeline this function.  If this multiplier was inferred, it is suggested to describe an additional register stage after this function.  If there is no registered adder/accumulator following the multiply function, two pipeline stages are suggested to allow both the MREG and PREG registers to be used.  If the DSP48 was instantiated in the design, it is suggested to set both the MREG and PREG attributes to 1 when performing multiply functions.
Related violations: <none>

DPOP-2#10 Warning
MREG Output pipelining  
DSP LAYER_MMSU_1/single_vector_multiplier_generate[3].vector_multiply/MACC_MACRO_inst/bl.DSP48E_2 multiplier stage LAYER_MMSU_1/single_vector_multiplier_generate[3].vector_multiply/MACC_MACRO_inst/bl.DSP48E_2/P[47:0] is not pipelined (MREG=0). Pipelining the multiplier function will improve performance and will save significant power so it is suggested whenever possible to fully pipeline this function.  If this multiplier was inferred, it is suggested to describe an additional register stage after this function.  If there is no registered adder/accumulator following the multiply function, two pipeline stages are suggested to allow both the MREG and PREG registers to be used.  If the DSP48 was instantiated in the design, it is suggested to set both the MREG and PREG attributes to 1 when performing multiply functions.
Related violations: <none>

DPOP-2#11 Warning
MREG Output pipelining  
DSP LAYER_MMSU_1/single_vector_multiplier_generate[4].vector_multiply/MACC_MACRO_inst/bl.DSP48E_2 multiplier stage LAYER_MMSU_1/single_vector_multiplier_generate[4].vector_multiply/MACC_MACRO_inst/bl.DSP48E_2/P[47:0] is not pipelined (MREG=0). Pipelining the multiplier function will improve performance and will save significant power so it is suggested whenever possible to fully pipeline this function.  If this multiplier was inferred, it is suggested to describe an additional register stage after this function.  If there is no registered adder/accumulator following the multiply function, two pipeline stages are suggested to allow both the MREG and PREG registers to be used.  If the DSP48 was instantiated in the design, it is suggested to set both the MREG and PREG attributes to 1 when performing multiply functions.
Related violations: <none>

DPOP-2#12 Warning
MREG Output pipelining  
DSP LAYER_MMSU_1/single_vector_multiplier_generate[5].vector_multiply/MACC_MACRO_inst/bl.DSP48E_2 multiplier stage LAYER_MMSU_1/single_vector_multiplier_generate[5].vector_multiply/MACC_MACRO_inst/bl.DSP48E_2/P[47:0] is not pipelined (MREG=0). Pipelining the multiplier function will improve performance and will save significant power so it is suggested whenever possible to fully pipeline this function.  If this multiplier was inferred, it is suggested to describe an additional register stage after this function.  If there is no registered adder/accumulator following the multiply function, two pipeline stages are suggested to allow both the MREG and PREG registers to be used.  If the DSP48 was instantiated in the design, it is suggested to set both the MREG and PREG attributes to 1 when performing multiply functions.
Related violations: <none>

DPOP-2#13 Warning
MREG Output pipelining  
DSP LAYER_MMSU_1/single_vector_multiplier_generate[6].vector_multiply/MACC_MACRO_inst/bl.DSP48E_2 multiplier stage LAYER_MMSU_1/single_vector_multiplier_generate[6].vector_multiply/MACC_MACRO_inst/bl.DSP48E_2/P[47:0] is not pipelined (MREG=0). Pipelining the multiplier function will improve performance and will save significant power so it is suggested whenever possible to fully pipeline this function.  If this multiplier was inferred, it is suggested to describe an additional register stage after this function.  If there is no registered adder/accumulator following the multiply function, two pipeline stages are suggested to allow both the MREG and PREG registers to be used.  If the DSP48 was instantiated in the design, it is suggested to set both the MREG and PREG attributes to 1 when performing multiply functions.
Related violations: <none>

DPOP-2#14 Warning
MREG Output pipelining  
DSP LAYER_MMSU_1/single_vector_multiplier_generate[7].vector_multiply/MACC_MACRO_inst/bl.DSP48E_2 multiplier stage LAYER_MMSU_1/single_vector_multiplier_generate[7].vector_multiply/MACC_MACRO_inst/bl.DSP48E_2/P[47:0] is not pipelined (MREG=0). Pipelining the multiplier function will improve performance and will save significant power so it is suggested whenever possible to fully pipeline this function.  If this multiplier was inferred, it is suggested to describe an additional register stage after this function.  If there is no registered adder/accumulator following the multiply function, two pipeline stages are suggested to allow both the MREG and PREG registers to be used.  If the DSP48 was instantiated in the design, it is suggested to set both the MREG and PREG attributes to 1 when performing multiply functions.
Related violations: <none>

DPOP-2#15 Warning
MREG Output pipelining  
DSP LAYER_MMSU_1/single_vector_multiplier_generate[8].vector_multiply/MACC_MACRO_inst/bl.DSP48E_2 multiplier stage LAYER_MMSU_1/single_vector_multiplier_generate[8].vector_multiply/MACC_MACRO_inst/bl.DSP48E_2/P[47:0] is not pipelined (MREG=0). Pipelining the multiplier function will improve performance and will save significant power so it is suggested whenever possible to fully pipeline this function.  If this multiplier was inferred, it is suggested to describe an additional register stage after this function.  If there is no registered adder/accumulator following the multiply function, two pipeline stages are suggested to allow both the MREG and PREG registers to be used.  If the DSP48 was instantiated in the design, it is suggested to set both the MREG and PREG attributes to 1 when performing multiply functions.
Related violations: <none>

DPOP-2#16 Warning
MREG Output pipelining  
DSP LAYER_MMSU_1/single_vector_multiplier_generate[9].vector_multiply/MACC_MACRO_inst/bl.DSP48E_2 multiplier stage LAYER_MMSU_1/single_vector_multiplier_generate[9].vector_multiply/MACC_MACRO_inst/bl.DSP48E_2/P[47:0] is not pipelined (MREG=0). Pipelining the multiplier function will improve performance and will save significant power so it is suggested whenever possible to fully pipeline this function.  If this multiplier was inferred, it is suggested to describe an additional register stage after this function.  If there is no registered adder/accumulator following the multiply function, two pipeline stages are suggested to allow both the MREG and PREG registers to be used.  If the DSP48 was instantiated in the design, it is suggested to set both the MREG and PREG attributes to 1 when performing multiply functions.
Related violations: <none>

DPOP-2#17 Warning
MREG Output pipelining  
DSP LAYER_MMSU_3/single_vector_multiplier_generate[0].vector_multiply/MACC_MACRO_inst/bl.DSP48E_2 multiplier stage LAYER_MMSU_3/single_vector_multiplier_generate[0].vector_multiply/MACC_MACRO_inst/bl.DSP48E_2/P[47:0] is not pipelined (MREG=0). Pipelining the multiplier function will improve performance and will save significant power so it is suggested whenever possible to fully pipeline this function.  If this multiplier was inferred, it is suggested to describe an additional register stage after this function.  If there is no registered adder/accumulator following the multiply function, two pipeline stages are suggested to allow both the MREG and PREG registers to be used.  If the DSP48 was instantiated in the design, it is suggested to set both the MREG and PREG attributes to 1 when performing multiply functions.
Related violations: <none>

DPOP-2#18 Warning
MREG Output pipelining  
DSP LAYER_MMSU_3/single_vector_multiplier_generate[10].vector_multiply/MACC_MACRO_inst/bl.DSP48E_2 multiplier stage LAYER_MMSU_3/single_vector_multiplier_generate[10].vector_multiply/MACC_MACRO_inst/bl.DSP48E_2/P[47:0] is not pipelined (MREG=0). Pipelining the multiplier function will improve performance and will save significant power so it is suggested whenever possible to fully pipeline this function.  If this multiplier was inferred, it is suggested to describe an additional register stage after this function.  If there is no registered adder/accumulator following the multiply function, two pipeline stages are suggested to allow both the MREG and PREG registers to be used.  If the DSP48 was instantiated in the design, it is suggested to set both the MREG and PREG attributes to 1 when performing multiply functions.
Related violations: <none>

DPOP-2#19 Warning
MREG Output pipelining  
DSP LAYER_MMSU_3/single_vector_multiplier_generate[11].vector_multiply/MACC_MACRO_inst/bl.DSP48E_2 multiplier stage LAYER_MMSU_3/single_vector_multiplier_generate[11].vector_multiply/MACC_MACRO_inst/bl.DSP48E_2/P[47:0] is not pipelined (MREG=0). Pipelining the multiplier function will improve performance and will save significant power so it is suggested whenever possible to fully pipeline this function.  If this multiplier was inferred, it is suggested to describe an additional register stage after this function.  If there is no registered adder/accumulator following the multiply function, two pipeline stages are suggested to allow both the MREG and PREG registers to be used.  If the DSP48 was instantiated in the design, it is suggested to set both the MREG and PREG attributes to 1 when performing multiply functions.
Related violations: <none>

DPOP-2#20 Warning
MREG Output pipelining  
DSP LAYER_MMSU_3/single_vector_multiplier_generate[12].vector_multiply/MACC_MACRO_inst/bl.DSP48E_2 multiplier stage LAYER_MMSU_3/single_vector_multiplier_generate[12].vector_multiply/MACC_MACRO_inst/bl.DSP48E_2/P[47:0] is not pipelined (MREG=0). Pipelining the multiplier function will improve performance and will save significant power so it is suggested whenever possible to fully pipeline this function.  If this multiplier was inferred, it is suggested to describe an additional register stage after this function.  If there is no registered adder/accumulator following the multiply function, two pipeline stages are suggested to allow both the MREG and PREG registers to be used.  If the DSP48 was instantiated in the design, it is suggested to set both the MREG and PREG attributes to 1 when performing multiply functions.
Related violations: <none>

DPOP-2#21 Warning
MREG Output pipelining  
DSP LAYER_MMSU_3/single_vector_multiplier_generate[13].vector_multiply/MACC_MACRO_inst/bl.DSP48E_2 multiplier stage LAYER_MMSU_3/single_vector_multiplier_generate[13].vector_multiply/MACC_MACRO_inst/bl.DSP48E_2/P[47:0] is not pipelined (MREG=0). Pipelining the multiplier function will improve performance and will save significant power so it is suggested whenever possible to fully pipeline this function.  If this multiplier was inferred, it is suggested to describe an additional register stage after this function.  If there is no registered adder/accumulator following the multiply function, two pipeline stages are suggested to allow both the MREG and PREG registers to be used.  If the DSP48 was instantiated in the design, it is suggested to set both the MREG and PREG attributes to 1 when performing multiply functions.
Related violations: <none>

DPOP-2#22 Warning
MREG Output pipelining  
DSP LAYER_MMSU_3/single_vector_multiplier_generate[14].vector_multiply/MACC_MACRO_inst/bl.DSP48E_2 multiplier stage LAYER_MMSU_3/single_vector_multiplier_generate[14].vector_multiply/MACC_MACRO_inst/bl.DSP48E_2/P[47:0] is not pipelined (MREG=0). Pipelining the multiplier function will improve performance and will save significant power so it is suggested whenever possible to fully pipeline this function.  If this multiplier was inferred, it is suggested to describe an additional register stage after this function.  If there is no registered adder/accumulator following the multiply function, two pipeline stages are suggested to allow both the MREG and PREG registers to be used.  If the DSP48 was instantiated in the design, it is suggested to set both the MREG and PREG attributes to 1 when performing multiply functions.
Related violations: <none>

DPOP-2#23 Warning
MREG Output pipelining  
DSP LAYER_MMSU_3/single_vector_multiplier_generate[15].vector_multiply/MACC_MACRO_inst/bl.DSP48E_2 multiplier stage LAYER_MMSU_3/single_vector_multiplier_generate[15].vector_multiply/MACC_MACRO_inst/bl.DSP48E_2/P[47:0] is not pipelined (MREG=0). Pipelining the multiplier function will improve performance and will save significant power so it is suggested whenever possible to fully pipeline this function.  If this multiplier was inferred, it is suggested to describe an additional register stage after this function.  If there is no registered adder/accumulator following the multiply function, two pipeline stages are suggested to allow both the MREG and PREG registers to be used.  If the DSP48 was instantiated in the design, it is suggested to set both the MREG and PREG attributes to 1 when performing multiply functions.
Related violations: <none>

DPOP-2#24 Warning
MREG Output pipelining  
DSP LAYER_MMSU_3/single_vector_multiplier_generate[1].vector_multiply/MACC_MACRO_inst/bl.DSP48E_2 multiplier stage LAYER_MMSU_3/single_vector_multiplier_generate[1].vector_multiply/MACC_MACRO_inst/bl.DSP48E_2/P[47:0] is not pipelined (MREG=0). Pipelining the multiplier function will improve performance and will save significant power so it is suggested whenever possible to fully pipeline this function.  If this multiplier was inferred, it is suggested to describe an additional register stage after this function.  If there is no registered adder/accumulator following the multiply function, two pipeline stages are suggested to allow both the MREG and PREG registers to be used.  If the DSP48 was instantiated in the design, it is suggested to set both the MREG and PREG attributes to 1 when performing multiply functions.
Related violations: <none>

DPOP-2#25 Warning
MREG Output pipelining  
DSP LAYER_MMSU_3/single_vector_multiplier_generate[2].vector_multiply/MACC_MACRO_inst/bl.DSP48E_2 multiplier stage LAYER_MMSU_3/single_vector_multiplier_generate[2].vector_multiply/MACC_MACRO_inst/bl.DSP48E_2/P[47:0] is not pipelined (MREG=0). Pipelining the multiplier function will improve performance and will save significant power so it is suggested whenever possible to fully pipeline this function.  If this multiplier was inferred, it is suggested to describe an additional register stage after this function.  If there is no registered adder/accumulator following the multiply function, two pipeline stages are suggested to allow both the MREG and PREG registers to be used.  If the DSP48 was instantiated in the design, it is suggested to set both the MREG and PREG attributes to 1 when performing multiply functions.
Related violations: <none>

DPOP-2#26 Warning
MREG Output pipelining  
DSP LAYER_MMSU_3/single_vector_multiplier_generate[3].vector_multiply/MACC_MACRO_inst/bl.DSP48E_2 multiplier stage LAYER_MMSU_3/single_vector_multiplier_generate[3].vector_multiply/MACC_MACRO_inst/bl.DSP48E_2/P[47:0] is not pipelined (MREG=0). Pipelining the multiplier function will improve performance and will save significant power so it is suggested whenever possible to fully pipeline this function.  If this multiplier was inferred, it is suggested to describe an additional register stage after this function.  If there is no registered adder/accumulator following the multiply function, two pipeline stages are suggested to allow both the MREG and PREG registers to be used.  If the DSP48 was instantiated in the design, it is suggested to set both the MREG and PREG attributes to 1 when performing multiply functions.
Related violations: <none>

DPOP-2#27 Warning
MREG Output pipelining  
DSP LAYER_MMSU_3/single_vector_multiplier_generate[4].vector_multiply/MACC_MACRO_inst/bl.DSP48E_2 multiplier stage LAYER_MMSU_3/single_vector_multiplier_generate[4].vector_multiply/MACC_MACRO_inst/bl.DSP48E_2/P[47:0] is not pipelined (MREG=0). Pipelining the multiplier function will improve performance and will save significant power so it is suggested whenever possible to fully pipeline this function.  If this multiplier was inferred, it is suggested to describe an additional register stage after this function.  If there is no registered adder/accumulator following the multiply function, two pipeline stages are suggested to allow both the MREG and PREG registers to be used.  If the DSP48 was instantiated in the design, it is suggested to set both the MREG and PREG attributes to 1 when performing multiply functions.
Related violations: <none>

DPOP-2#28 Warning
MREG Output pipelining  
DSP LAYER_MMSU_3/single_vector_multiplier_generate[5].vector_multiply/MACC_MACRO_inst/bl.DSP48E_2 multiplier stage LAYER_MMSU_3/single_vector_multiplier_generate[5].vector_multiply/MACC_MACRO_inst/bl.DSP48E_2/P[47:0] is not pipelined (MREG=0). Pipelining the multiplier function will improve performance and will save significant power so it is suggested whenever possible to fully pipeline this function.  If this multiplier was inferred, it is suggested to describe an additional register stage after this function.  If there is no registered adder/accumulator following the multiply function, two pipeline stages are suggested to allow both the MREG and PREG registers to be used.  If the DSP48 was instantiated in the design, it is suggested to set both the MREG and PREG attributes to 1 when performing multiply functions.
Related violations: <none>

DPOP-2#29 Warning
MREG Output pipelining  
DSP LAYER_MMSU_3/single_vector_multiplier_generate[6].vector_multiply/MACC_MACRO_inst/bl.DSP48E_2 multiplier stage LAYER_MMSU_3/single_vector_multiplier_generate[6].vector_multiply/MACC_MACRO_inst/bl.DSP48E_2/P[47:0] is not pipelined (MREG=0). Pipelining the multiplier function will improve performance and will save significant power so it is suggested whenever possible to fully pipeline this function.  If this multiplier was inferred, it is suggested to describe an additional register stage after this function.  If there is no registered adder/accumulator following the multiply function, two pipeline stages are suggested to allow both the MREG and PREG registers to be used.  If the DSP48 was instantiated in the design, it is suggested to set both the MREG and PREG attributes to 1 when performing multiply functions.
Related violations: <none>

DPOP-2#30 Warning
MREG Output pipelining  
DSP LAYER_MMSU_3/single_vector_multiplier_generate[7].vector_multiply/MACC_MACRO_inst/bl.DSP48E_2 multiplier stage LAYER_MMSU_3/single_vector_multiplier_generate[7].vector_multiply/MACC_MACRO_inst/bl.DSP48E_2/P[47:0] is not pipelined (MREG=0). Pipelining the multiplier function will improve performance and will save significant power so it is suggested whenever possible to fully pipeline this function.  If this multiplier was inferred, it is suggested to describe an additional register stage after this function.  If there is no registered adder/accumulator following the multiply function, two pipeline stages are suggested to allow both the MREG and PREG registers to be used.  If the DSP48 was instantiated in the design, it is suggested to set both the MREG and PREG attributes to 1 when performing multiply functions.
Related violations: <none>

DPOP-2#31 Warning
MREG Output pipelining  
DSP LAYER_MMSU_3/single_vector_multiplier_generate[8].vector_multiply/MACC_MACRO_inst/bl.DSP48E_2 multiplier stage LAYER_MMSU_3/single_vector_multiplier_generate[8].vector_multiply/MACC_MACRO_inst/bl.DSP48E_2/P[47:0] is not pipelined (MREG=0). Pipelining the multiplier function will improve performance and will save significant power so it is suggested whenever possible to fully pipeline this function.  If this multiplier was inferred, it is suggested to describe an additional register stage after this function.  If there is no registered adder/accumulator following the multiply function, two pipeline stages are suggested to allow both the MREG and PREG registers to be used.  If the DSP48 was instantiated in the design, it is suggested to set both the MREG and PREG attributes to 1 when performing multiply functions.
Related violations: <none>

DPOP-2#32 Warning
MREG Output pipelining  
DSP LAYER_MMSU_3/single_vector_multiplier_generate[9].vector_multiply/MACC_MACRO_inst/bl.DSP48E_2 multiplier stage LAYER_MMSU_3/single_vector_multiplier_generate[9].vector_multiply/MACC_MACRO_inst/bl.DSP48E_2/P[47:0] is not pipelined (MREG=0). Pipelining the multiplier function will improve performance and will save significant power so it is suggested whenever possible to fully pipeline this function.  If this multiplier was inferred, it is suggested to describe an additional register stage after this function.  If there is no registered adder/accumulator following the multiply function, two pipeline stages are suggested to allow both the MREG and PREG registers to be used.  If the DSP48 was instantiated in the design, it is suggested to set both the MREG and PREG attributes to 1 when performing multiply functions.
Related violations: <none>

DPOP-2#33 Warning
MREG Output pipelining  
DSP LAYER_MMSU_5/single_vector_multiplier_generate[0].vector_multiply/MACC_MACRO_inst/bl.DSP48E_2 multiplier stage LAYER_MMSU_5/single_vector_multiplier_generate[0].vector_multiply/MACC_MACRO_inst/bl.DSP48E_2/P[47:0] is not pipelined (MREG=0). Pipelining the multiplier function will improve performance and will save significant power so it is suggested whenever possible to fully pipeline this function.  If this multiplier was inferred, it is suggested to describe an additional register stage after this function.  If there is no registered adder/accumulator following the multiply function, two pipeline stages are suggested to allow both the MREG and PREG registers to be used.  If the DSP48 was instantiated in the design, it is suggested to set both the MREG and PREG attributes to 1 when performing multiply functions.
Related violations: <none>

DPOP-2#34 Warning
MREG Output pipelining  
DSP LAYER_MMSU_5/single_vector_multiplier_generate[1].vector_multiply/MACC_MACRO_inst/bl.DSP48E_2 multiplier stage LAYER_MMSU_5/single_vector_multiplier_generate[1].vector_multiply/MACC_MACRO_inst/bl.DSP48E_2/P[47:0] is not pipelined (MREG=0). Pipelining the multiplier function will improve performance and will save significant power so it is suggested whenever possible to fully pipeline this function.  If this multiplier was inferred, it is suggested to describe an additional register stage after this function.  If there is no registered adder/accumulator following the multiply function, two pipeline stages are suggested to allow both the MREG and PREG registers to be used.  If the DSP48 was instantiated in the design, it is suggested to set both the MREG and PREG attributes to 1 when performing multiply functions.
Related violations: <none>

DPOP-2#35 Warning
MREG Output pipelining  
DSP LAYER_MMSU_5/single_vector_multiplier_generate[2].vector_multiply/MACC_MACRO_inst/bl.DSP48E_2 multiplier stage LAYER_MMSU_5/single_vector_multiplier_generate[2].vector_multiply/MACC_MACRO_inst/bl.DSP48E_2/P[47:0] is not pipelined (MREG=0). Pipelining the multiplier function will improve performance and will save significant power so it is suggested whenever possible to fully pipeline this function.  If this multiplier was inferred, it is suggested to describe an additional register stage after this function.  If there is no registered adder/accumulator following the multiply function, two pipeline stages are suggested to allow both the MREG and PREG registers to be used.  If the DSP48 was instantiated in the design, it is suggested to set both the MREG and PREG attributes to 1 when performing multiply functions.
Related violations: <none>

AVAL-4#1 Advisory
enum_USE_DPORT_FALSE_enum_DREG_ADREG_0_connects_CED_CEAD_RSTD_GND  
LAYER_MMSU_1/single_vector_multiplier_generate[0].vector_multiply/MACC_MACRO_inst/bl.DSP48E_2: DSP48E1 is not using the D port (USE_DPORT = FALSE). For improved power characteristics, set DREG and ADREG to '1', tie CED, CEAD, and RSTD to logic '0'.
Related violations: <none>

AVAL-4#2 Advisory
enum_USE_DPORT_FALSE_enum_DREG_ADREG_0_connects_CED_CEAD_RSTD_GND  
LAYER_MMSU_1/single_vector_multiplier_generate[10].vector_multiply/MACC_MACRO_inst/bl.DSP48E_2: DSP48E1 is not using the D port (USE_DPORT = FALSE). For improved power characteristics, set DREG and ADREG to '1', tie CED, CEAD, and RSTD to logic '0'.
Related violations: <none>

AVAL-4#3 Advisory
enum_USE_DPORT_FALSE_enum_DREG_ADREG_0_connects_CED_CEAD_RSTD_GND  
LAYER_MMSU_1/single_vector_multiplier_generate[11].vector_multiply/MACC_MACRO_inst/bl.DSP48E_2: DSP48E1 is not using the D port (USE_DPORT = FALSE). For improved power characteristics, set DREG and ADREG to '1', tie CED, CEAD, and RSTD to logic '0'.
Related violations: <none>

AVAL-4#4 Advisory
enum_USE_DPORT_FALSE_enum_DREG_ADREG_0_connects_CED_CEAD_RSTD_GND  
LAYER_MMSU_1/single_vector_multiplier_generate[12].vector_multiply/MACC_MACRO_inst/bl.DSP48E_2: DSP48E1 is not using the D port (USE_DPORT = FALSE). For improved power characteristics, set DREG and ADREG to '1', tie CED, CEAD, and RSTD to logic '0'.
Related violations: <none>

AVAL-4#5 Advisory
enum_USE_DPORT_FALSE_enum_DREG_ADREG_0_connects_CED_CEAD_RSTD_GND  
LAYER_MMSU_1/single_vector_multiplier_generate[13].vector_multiply/MACC_MACRO_inst/bl.DSP48E_2: DSP48E1 is not using the D port (USE_DPORT = FALSE). For improved power characteristics, set DREG and ADREG to '1', tie CED, CEAD, and RSTD to logic '0'.
Related violations: <none>

AVAL-4#6 Advisory
enum_USE_DPORT_FALSE_enum_DREG_ADREG_0_connects_CED_CEAD_RSTD_GND  
LAYER_MMSU_1/single_vector_multiplier_generate[14].vector_multiply/MACC_MACRO_inst/bl.DSP48E_2: DSP48E1 is not using the D port (USE_DPORT = FALSE). For improved power characteristics, set DREG and ADREG to '1', tie CED, CEAD, and RSTD to logic '0'.
Related violations: <none>

AVAL-4#7 Advisory
enum_USE_DPORT_FALSE_enum_DREG_ADREG_0_connects_CED_CEAD_RSTD_GND  
LAYER_MMSU_1/single_vector_multiplier_generate[15].vector_multiply/MACC_MACRO_inst/bl.DSP48E_2: DSP48E1 is not using the D port (USE_DPORT = FALSE). For improved power characteristics, set DREG and ADREG to '1', tie CED, CEAD, and RSTD to logic '0'.
Related violations: <none>

AVAL-4#8 Advisory
enum_USE_DPORT_FALSE_enum_DREG_ADREG_0_connects_CED_CEAD_RSTD_GND  
LAYER_MMSU_1/single_vector_multiplier_generate[1].vector_multiply/MACC_MACRO_inst/bl.DSP48E_2: DSP48E1 is not using the D port (USE_DPORT = FALSE). For improved power characteristics, set DREG and ADREG to '1', tie CED, CEAD, and RSTD to logic '0'.
Related violations: <none>

AVAL-4#9 Advisory
enum_USE_DPORT_FALSE_enum_DREG_ADREG_0_connects_CED_CEAD_RSTD_GND  
LAYER_MMSU_1/single_vector_multiplier_generate[2].vector_multiply/MACC_MACRO_inst/bl.DSP48E_2: DSP48E1 is not using the D port (USE_DPORT = FALSE). For improved power characteristics, set DREG and ADREG to '1', tie CED, CEAD, and RSTD to logic '0'.
Related violations: <none>

AVAL-4#10 Advisory
enum_USE_DPORT_FALSE_enum_DREG_ADREG_0_connects_CED_CEAD_RSTD_GND  
LAYER_MMSU_1/single_vector_multiplier_generate[3].vector_multiply/MACC_MACRO_inst/bl.DSP48E_2: DSP48E1 is not using the D port (USE_DPORT = FALSE). For improved power characteristics, set DREG and ADREG to '1', tie CED, CEAD, and RSTD to logic '0'.
Related violations: <none>

AVAL-4#11 Advisory
enum_USE_DPORT_FALSE_enum_DREG_ADREG_0_connects_CED_CEAD_RSTD_GND  
LAYER_MMSU_1/single_vector_multiplier_generate[4].vector_multiply/MACC_MACRO_inst/bl.DSP48E_2: DSP48E1 is not using the D port (USE_DPORT = FALSE). For improved power characteristics, set DREG and ADREG to '1', tie CED, CEAD, and RSTD to logic '0'.
Related violations: <none>

AVAL-4#12 Advisory
enum_USE_DPORT_FALSE_enum_DREG_ADREG_0_connects_CED_CEAD_RSTD_GND  
LAYER_MMSU_1/single_vector_multiplier_generate[5].vector_multiply/MACC_MACRO_inst/bl.DSP48E_2: DSP48E1 is not using the D port (USE_DPORT = FALSE). For improved power characteristics, set DREG and ADREG to '1', tie CED, CEAD, and RSTD to logic '0'.
Related violations: <none>

AVAL-4#13 Advisory
enum_USE_DPORT_FALSE_enum_DREG_ADREG_0_connects_CED_CEAD_RSTD_GND  
LAYER_MMSU_1/single_vector_multiplier_generate[6].vector_multiply/MACC_MACRO_inst/bl.DSP48E_2: DSP48E1 is not using the D port (USE_DPORT = FALSE). For improved power characteristics, set DREG and ADREG to '1', tie CED, CEAD, and RSTD to logic '0'.
Related violations: <none>

AVAL-4#14 Advisory
enum_USE_DPORT_FALSE_enum_DREG_ADREG_0_connects_CED_CEAD_RSTD_GND  
LAYER_MMSU_1/single_vector_multiplier_generate[7].vector_multiply/MACC_MACRO_inst/bl.DSP48E_2: DSP48E1 is not using the D port (USE_DPORT = FALSE). For improved power characteristics, set DREG and ADREG to '1', tie CED, CEAD, and RSTD to logic '0'.
Related violations: <none>

AVAL-4#15 Advisory
enum_USE_DPORT_FALSE_enum_DREG_ADREG_0_connects_CED_CEAD_RSTD_GND  
LAYER_MMSU_1/single_vector_multiplier_generate[8].vector_multiply/MACC_MACRO_inst/bl.DSP48E_2: DSP48E1 is not using the D port (USE_DPORT = FALSE). For improved power characteristics, set DREG and ADREG to '1', tie CED, CEAD, and RSTD to logic '0'.
Related violations: <none>

AVAL-4#16 Advisory
enum_USE_DPORT_FALSE_enum_DREG_ADREG_0_connects_CED_CEAD_RSTD_GND  
LAYER_MMSU_1/single_vector_multiplier_generate[9].vector_multiply/MACC_MACRO_inst/bl.DSP48E_2: DSP48E1 is not using the D port (USE_DPORT = FALSE). For improved power characteristics, set DREG and ADREG to '1', tie CED, CEAD, and RSTD to logic '0'.
Related violations: <none>

AVAL-4#17 Advisory
enum_USE_DPORT_FALSE_enum_DREG_ADREG_0_connects_CED_CEAD_RSTD_GND  
LAYER_MMSU_3/single_vector_multiplier_generate[0].vector_multiply/MACC_MACRO_inst/bl.DSP48E_2: DSP48E1 is not using the D port (USE_DPORT = FALSE). For improved power characteristics, set DREG and ADREG to '1', tie CED, CEAD, and RSTD to logic '0'.
Related violations: <none>

AVAL-4#18 Advisory
enum_USE_DPORT_FALSE_enum_DREG_ADREG_0_connects_CED_CEAD_RSTD_GND  
LAYER_MMSU_3/single_vector_multiplier_generate[10].vector_multiply/MACC_MACRO_inst/bl.DSP48E_2: DSP48E1 is not using the D port (USE_DPORT = FALSE). For improved power characteristics, set DREG and ADREG to '1', tie CED, CEAD, and RSTD to logic '0'.
Related violations: <none>

AVAL-4#19 Advisory
enum_USE_DPORT_FALSE_enum_DREG_ADREG_0_connects_CED_CEAD_RSTD_GND  
LAYER_MMSU_3/single_vector_multiplier_generate[11].vector_multiply/MACC_MACRO_inst/bl.DSP48E_2: DSP48E1 is not using the D port (USE_DPORT = FALSE). For improved power characteristics, set DREG and ADREG to '1', tie CED, CEAD, and RSTD to logic '0'.
Related violations: <none>

AVAL-4#20 Advisory
enum_USE_DPORT_FALSE_enum_DREG_ADREG_0_connects_CED_CEAD_RSTD_GND  
LAYER_MMSU_3/single_vector_multiplier_generate[12].vector_multiply/MACC_MACRO_inst/bl.DSP48E_2: DSP48E1 is not using the D port (USE_DPORT = FALSE). For improved power characteristics, set DREG and ADREG to '1', tie CED, CEAD, and RSTD to logic '0'.
Related violations: <none>

AVAL-4#21 Advisory
enum_USE_DPORT_FALSE_enum_DREG_ADREG_0_connects_CED_CEAD_RSTD_GND  
LAYER_MMSU_3/single_vector_multiplier_generate[13].vector_multiply/MACC_MACRO_inst/bl.DSP48E_2: DSP48E1 is not using the D port (USE_DPORT = FALSE). For improved power characteristics, set DREG and ADREG to '1', tie CED, CEAD, and RSTD to logic '0'.
Related violations: <none>

AVAL-4#22 Advisory
enum_USE_DPORT_FALSE_enum_DREG_ADREG_0_connects_CED_CEAD_RSTD_GND  
LAYER_MMSU_3/single_vector_multiplier_generate[14].vector_multiply/MACC_MACRO_inst/bl.DSP48E_2: DSP48E1 is not using the D port (USE_DPORT = FALSE). For improved power characteristics, set DREG and ADREG to '1', tie CED, CEAD, and RSTD to logic '0'.
Related violations: <none>

AVAL-4#23 Advisory
enum_USE_DPORT_FALSE_enum_DREG_ADREG_0_connects_CED_CEAD_RSTD_GND  
LAYER_MMSU_3/single_vector_multiplier_generate[15].vector_multiply/MACC_MACRO_inst/bl.DSP48E_2: DSP48E1 is not using the D port (USE_DPORT = FALSE). For improved power characteristics, set DREG and ADREG to '1', tie CED, CEAD, and RSTD to logic '0'.
Related violations: <none>

AVAL-4#24 Advisory
enum_USE_DPORT_FALSE_enum_DREG_ADREG_0_connects_CED_CEAD_RSTD_GND  
LAYER_MMSU_3/single_vector_multiplier_generate[1].vector_multiply/MACC_MACRO_inst/bl.DSP48E_2: DSP48E1 is not using the D port (USE_DPORT = FALSE). For improved power characteristics, set DREG and ADREG to '1', tie CED, CEAD, and RSTD to logic '0'.
Related violations: <none>

AVAL-4#25 Advisory
enum_USE_DPORT_FALSE_enum_DREG_ADREG_0_connects_CED_CEAD_RSTD_GND  
LAYER_MMSU_3/single_vector_multiplier_generate[2].vector_multiply/MACC_MACRO_inst/bl.DSP48E_2: DSP48E1 is not using the D port (USE_DPORT = FALSE). For improved power characteristics, set DREG and ADREG to '1', tie CED, CEAD, and RSTD to logic '0'.
Related violations: <none>

AVAL-4#26 Advisory
enum_USE_DPORT_FALSE_enum_DREG_ADREG_0_connects_CED_CEAD_RSTD_GND  
LAYER_MMSU_3/single_vector_multiplier_generate[3].vector_multiply/MACC_MACRO_inst/bl.DSP48E_2: DSP48E1 is not using the D port (USE_DPORT = FALSE). For improved power characteristics, set DREG and ADREG to '1', tie CED, CEAD, and RSTD to logic '0'.
Related violations: <none>

AVAL-4#27 Advisory
enum_USE_DPORT_FALSE_enum_DREG_ADREG_0_connects_CED_CEAD_RSTD_GND  
LAYER_MMSU_3/single_vector_multiplier_generate[4].vector_multiply/MACC_MACRO_inst/bl.DSP48E_2: DSP48E1 is not using the D port (USE_DPORT = FALSE). For improved power characteristics, set DREG and ADREG to '1', tie CED, CEAD, and RSTD to logic '0'.
Related violations: <none>

AVAL-4#28 Advisory
enum_USE_DPORT_FALSE_enum_DREG_ADREG_0_connects_CED_CEAD_RSTD_GND  
LAYER_MMSU_3/single_vector_multiplier_generate[5].vector_multiply/MACC_MACRO_inst/bl.DSP48E_2: DSP48E1 is not using the D port (USE_DPORT = FALSE). For improved power characteristics, set DREG and ADREG to '1', tie CED, CEAD, and RSTD to logic '0'.
Related violations: <none>

AVAL-4#29 Advisory
enum_USE_DPORT_FALSE_enum_DREG_ADREG_0_connects_CED_CEAD_RSTD_GND  
LAYER_MMSU_3/single_vector_multiplier_generate[6].vector_multiply/MACC_MACRO_inst/bl.DSP48E_2: DSP48E1 is not using the D port (USE_DPORT = FALSE). For improved power characteristics, set DREG and ADREG to '1', tie CED, CEAD, and RSTD to logic '0'.
Related violations: <none>

AVAL-4#30 Advisory
enum_USE_DPORT_FALSE_enum_DREG_ADREG_0_connects_CED_CEAD_RSTD_GND  
LAYER_MMSU_3/single_vector_multiplier_generate[7].vector_multiply/MACC_MACRO_inst/bl.DSP48E_2: DSP48E1 is not using the D port (USE_DPORT = FALSE). For improved power characteristics, set DREG and ADREG to '1', tie CED, CEAD, and RSTD to logic '0'.
Related violations: <none>

AVAL-4#31 Advisory
enum_USE_DPORT_FALSE_enum_DREG_ADREG_0_connects_CED_CEAD_RSTD_GND  
LAYER_MMSU_3/single_vector_multiplier_generate[8].vector_multiply/MACC_MACRO_inst/bl.DSP48E_2: DSP48E1 is not using the D port (USE_DPORT = FALSE). For improved power characteristics, set DREG and ADREG to '1', tie CED, CEAD, and RSTD to logic '0'.
Related violations: <none>

AVAL-4#32 Advisory
enum_USE_DPORT_FALSE_enum_DREG_ADREG_0_connects_CED_CEAD_RSTD_GND  
LAYER_MMSU_3/single_vector_multiplier_generate[9].vector_multiply/MACC_MACRO_inst/bl.DSP48E_2: DSP48E1 is not using the D port (USE_DPORT = FALSE). For improved power characteristics, set DREG and ADREG to '1', tie CED, CEAD, and RSTD to logic '0'.
Related violations: <none>

AVAL-4#33 Advisory
enum_USE_DPORT_FALSE_enum_DREG_ADREG_0_connects_CED_CEAD_RSTD_GND  
LAYER_MMSU_5/single_vector_multiplier_generate[0].vector_multiply/MACC_MACRO_inst/bl.DSP48E_2: DSP48E1 is not using the D port (USE_DPORT = FALSE). For improved power characteristics, set DREG and ADREG to '1', tie CED, CEAD, and RSTD to logic '0'.
Related violations: <none>

AVAL-4#34 Advisory
enum_USE_DPORT_FALSE_enum_DREG_ADREG_0_connects_CED_CEAD_RSTD_GND  
LAYER_MMSU_5/single_vector_multiplier_generate[1].vector_multiply/MACC_MACRO_inst/bl.DSP48E_2: DSP48E1 is not using the D port (USE_DPORT = FALSE). For improved power characteristics, set DREG and ADREG to '1', tie CED, CEAD, and RSTD to logic '0'.
Related violations: <none>

AVAL-4#35 Advisory
enum_USE_DPORT_FALSE_enum_DREG_ADREG_0_connects_CED_CEAD_RSTD_GND  
LAYER_MMSU_5/single_vector_multiplier_generate[2].vector_multiply/MACC_MACRO_inst/bl.DSP48E_2: DSP48E1 is not using the D port (USE_DPORT = FALSE). For improved power characteristics, set DREG and ADREG to '1', tie CED, CEAD, and RSTD to logic '0'.
Related violations: <none>

REQP-30#1 Advisory
enum_MREG_0_connects_CEM_GND  
LAYER_MMSU_1/single_vector_multiplier_generate[0].vector_multiply/MACC_MACRO_inst/bl.DSP48E_2: When the DSP48E1 MREG attribute is set to 0, the CEM input pin should be tied to GND to save power.
Related violations: <none>

REQP-30#2 Advisory
enum_MREG_0_connects_CEM_GND  
LAYER_MMSU_1/single_vector_multiplier_generate[10].vector_multiply/MACC_MACRO_inst/bl.DSP48E_2: When the DSP48E1 MREG attribute is set to 0, the CEM input pin should be tied to GND to save power.
Related violations: <none>

REQP-30#3 Advisory
enum_MREG_0_connects_CEM_GND  
LAYER_MMSU_1/single_vector_multiplier_generate[11].vector_multiply/MACC_MACRO_inst/bl.DSP48E_2: When the DSP48E1 MREG attribute is set to 0, the CEM input pin should be tied to GND to save power.
Related violations: <none>

REQP-30#4 Advisory
enum_MREG_0_connects_CEM_GND  
LAYER_MMSU_1/single_vector_multiplier_generate[12].vector_multiply/MACC_MACRO_inst/bl.DSP48E_2: When the DSP48E1 MREG attribute is set to 0, the CEM input pin should be tied to GND to save power.
Related violations: <none>

REQP-30#5 Advisory
enum_MREG_0_connects_CEM_GND  
LAYER_MMSU_1/single_vector_multiplier_generate[13].vector_multiply/MACC_MACRO_inst/bl.DSP48E_2: When the DSP48E1 MREG attribute is set to 0, the CEM input pin should be tied to GND to save power.
Related violations: <none>

REQP-30#6 Advisory
enum_MREG_0_connects_CEM_GND  
LAYER_MMSU_1/single_vector_multiplier_generate[14].vector_multiply/MACC_MACRO_inst/bl.DSP48E_2: When the DSP48E1 MREG attribute is set to 0, the CEM input pin should be tied to GND to save power.
Related violations: <none>

REQP-30#7 Advisory
enum_MREG_0_connects_CEM_GND  
LAYER_MMSU_1/single_vector_multiplier_generate[15].vector_multiply/MACC_MACRO_inst/bl.DSP48E_2: When the DSP48E1 MREG attribute is set to 0, the CEM input pin should be tied to GND to save power.
Related violations: <none>

REQP-30#8 Advisory
enum_MREG_0_connects_CEM_GND  
LAYER_MMSU_1/single_vector_multiplier_generate[1].vector_multiply/MACC_MACRO_inst/bl.DSP48E_2: When the DSP48E1 MREG attribute is set to 0, the CEM input pin should be tied to GND to save power.
Related violations: <none>

REQP-30#9 Advisory
enum_MREG_0_connects_CEM_GND  
LAYER_MMSU_1/single_vector_multiplier_generate[2].vector_multiply/MACC_MACRO_inst/bl.DSP48E_2: When the DSP48E1 MREG attribute is set to 0, the CEM input pin should be tied to GND to save power.
Related violations: <none>

REQP-30#10 Advisory
enum_MREG_0_connects_CEM_GND  
LAYER_MMSU_1/single_vector_multiplier_generate[3].vector_multiply/MACC_MACRO_inst/bl.DSP48E_2: When the DSP48E1 MREG attribute is set to 0, the CEM input pin should be tied to GND to save power.
Related violations: <none>

REQP-30#11 Advisory
enum_MREG_0_connects_CEM_GND  
LAYER_MMSU_1/single_vector_multiplier_generate[4].vector_multiply/MACC_MACRO_inst/bl.DSP48E_2: When the DSP48E1 MREG attribute is set to 0, the CEM input pin should be tied to GND to save power.
Related violations: <none>

REQP-30#12 Advisory
enum_MREG_0_connects_CEM_GND  
LAYER_MMSU_1/single_vector_multiplier_generate[5].vector_multiply/MACC_MACRO_inst/bl.DSP48E_2: When the DSP48E1 MREG attribute is set to 0, the CEM input pin should be tied to GND to save power.
Related violations: <none>

REQP-30#13 Advisory
enum_MREG_0_connects_CEM_GND  
LAYER_MMSU_1/single_vector_multiplier_generate[6].vector_multiply/MACC_MACRO_inst/bl.DSP48E_2: When the DSP48E1 MREG attribute is set to 0, the CEM input pin should be tied to GND to save power.
Related violations: <none>

REQP-30#14 Advisory
enum_MREG_0_connects_CEM_GND  
LAYER_MMSU_1/single_vector_multiplier_generate[7].vector_multiply/MACC_MACRO_inst/bl.DSP48E_2: When the DSP48E1 MREG attribute is set to 0, the CEM input pin should be tied to GND to save power.
Related violations: <none>

REQP-30#15 Advisory
enum_MREG_0_connects_CEM_GND  
LAYER_MMSU_1/single_vector_multiplier_generate[8].vector_multiply/MACC_MACRO_inst/bl.DSP48E_2: When the DSP48E1 MREG attribute is set to 0, the CEM input pin should be tied to GND to save power.
Related violations: <none>

REQP-30#16 Advisory
enum_MREG_0_connects_CEM_GND  
LAYER_MMSU_1/single_vector_multiplier_generate[9].vector_multiply/MACC_MACRO_inst/bl.DSP48E_2: When the DSP48E1 MREG attribute is set to 0, the CEM input pin should be tied to GND to save power.
Related violations: <none>

REQP-30#17 Advisory
enum_MREG_0_connects_CEM_GND  
LAYER_MMSU_3/single_vector_multiplier_generate[0].vector_multiply/MACC_MACRO_inst/bl.DSP48E_2: When the DSP48E1 MREG attribute is set to 0, the CEM input pin should be tied to GND to save power.
Related violations: <none>

REQP-30#18 Advisory
enum_MREG_0_connects_CEM_GND  
LAYER_MMSU_3/single_vector_multiplier_generate[10].vector_multiply/MACC_MACRO_inst/bl.DSP48E_2: When the DSP48E1 MREG attribute is set to 0, the CEM input pin should be tied to GND to save power.
Related violations: <none>

REQP-30#19 Advisory
enum_MREG_0_connects_CEM_GND  
LAYER_MMSU_3/single_vector_multiplier_generate[11].vector_multiply/MACC_MACRO_inst/bl.DSP48E_2: When the DSP48E1 MREG attribute is set to 0, the CEM input pin should be tied to GND to save power.
Related violations: <none>

REQP-30#20 Advisory
enum_MREG_0_connects_CEM_GND  
LAYER_MMSU_3/single_vector_multiplier_generate[12].vector_multiply/MACC_MACRO_inst/bl.DSP48E_2: When the DSP48E1 MREG attribute is set to 0, the CEM input pin should be tied to GND to save power.
Related violations: <none>

REQP-30#21 Advisory
enum_MREG_0_connects_CEM_GND  
LAYER_MMSU_3/single_vector_multiplier_generate[13].vector_multiply/MACC_MACRO_inst/bl.DSP48E_2: When the DSP48E1 MREG attribute is set to 0, the CEM input pin should be tied to GND to save power.
Related violations: <none>

REQP-30#22 Advisory
enum_MREG_0_connects_CEM_GND  
LAYER_MMSU_3/single_vector_multiplier_generate[14].vector_multiply/MACC_MACRO_inst/bl.DSP48E_2: When the DSP48E1 MREG attribute is set to 0, the CEM input pin should be tied to GND to save power.
Related violations: <none>

REQP-30#23 Advisory
enum_MREG_0_connects_CEM_GND  
LAYER_MMSU_3/single_vector_multiplier_generate[15].vector_multiply/MACC_MACRO_inst/bl.DSP48E_2: When the DSP48E1 MREG attribute is set to 0, the CEM input pin should be tied to GND to save power.
Related violations: <none>

REQP-30#24 Advisory
enum_MREG_0_connects_CEM_GND  
LAYER_MMSU_3/single_vector_multiplier_generate[1].vector_multiply/MACC_MACRO_inst/bl.DSP48E_2: When the DSP48E1 MREG attribute is set to 0, the CEM input pin should be tied to GND to save power.
Related violations: <none>

REQP-30#25 Advisory
enum_MREG_0_connects_CEM_GND  
LAYER_MMSU_3/single_vector_multiplier_generate[2].vector_multiply/MACC_MACRO_inst/bl.DSP48E_2: When the DSP48E1 MREG attribute is set to 0, the CEM input pin should be tied to GND to save power.
Related violations: <none>

REQP-30#26 Advisory
enum_MREG_0_connects_CEM_GND  
LAYER_MMSU_3/single_vector_multiplier_generate[3].vector_multiply/MACC_MACRO_inst/bl.DSP48E_2: When the DSP48E1 MREG attribute is set to 0, the CEM input pin should be tied to GND to save power.
Related violations: <none>

REQP-30#27 Advisory
enum_MREG_0_connects_CEM_GND  
LAYER_MMSU_3/single_vector_multiplier_generate[4].vector_multiply/MACC_MACRO_inst/bl.DSP48E_2: When the DSP48E1 MREG attribute is set to 0, the CEM input pin should be tied to GND to save power.
Related violations: <none>

REQP-30#28 Advisory
enum_MREG_0_connects_CEM_GND  
LAYER_MMSU_3/single_vector_multiplier_generate[5].vector_multiply/MACC_MACRO_inst/bl.DSP48E_2: When the DSP48E1 MREG attribute is set to 0, the CEM input pin should be tied to GND to save power.
Related violations: <none>

REQP-30#29 Advisory
enum_MREG_0_connects_CEM_GND  
LAYER_MMSU_3/single_vector_multiplier_generate[6].vector_multiply/MACC_MACRO_inst/bl.DSP48E_2: When the DSP48E1 MREG attribute is set to 0, the CEM input pin should be tied to GND to save power.
Related violations: <none>

REQP-30#30 Advisory
enum_MREG_0_connects_CEM_GND  
LAYER_MMSU_3/single_vector_multiplier_generate[7].vector_multiply/MACC_MACRO_inst/bl.DSP48E_2: When the DSP48E1 MREG attribute is set to 0, the CEM input pin should be tied to GND to save power.
Related violations: <none>

REQP-30#31 Advisory
enum_MREG_0_connects_CEM_GND  
LAYER_MMSU_3/single_vector_multiplier_generate[8].vector_multiply/MACC_MACRO_inst/bl.DSP48E_2: When the DSP48E1 MREG attribute is set to 0, the CEM input pin should be tied to GND to save power.
Related violations: <none>

REQP-30#32 Advisory
enum_MREG_0_connects_CEM_GND  
LAYER_MMSU_3/single_vector_multiplier_generate[9].vector_multiply/MACC_MACRO_inst/bl.DSP48E_2: When the DSP48E1 MREG attribute is set to 0, the CEM input pin should be tied to GND to save power.
Related violations: <none>

REQP-30#33 Advisory
enum_MREG_0_connects_CEM_GND  
LAYER_MMSU_5/single_vector_multiplier_generate[0].vector_multiply/MACC_MACRO_inst/bl.DSP48E_2: When the DSP48E1 MREG attribute is set to 0, the CEM input pin should be tied to GND to save power.
Related violations: <none>

REQP-30#34 Advisory
enum_MREG_0_connects_CEM_GND  
LAYER_MMSU_5/single_vector_multiplier_generate[1].vector_multiply/MACC_MACRO_inst/bl.DSP48E_2: When the DSP48E1 MREG attribute is set to 0, the CEM input pin should be tied to GND to save power.
Related violations: <none>

REQP-30#35 Advisory
enum_MREG_0_connects_CEM_GND  
LAYER_MMSU_5/single_vector_multiplier_generate[2].vector_multiply/MACC_MACRO_inst/bl.DSP48E_2: When the DSP48E1 MREG attribute is set to 0, the CEM input pin should be tied to GND to save power.
Related violations: <none>


